<?xml version="1.0" encoding="UTF-8"?>
<testsuite xmlns:xsi="http://www.w3.org/2001/XMLSchema-instance" xsi:noNamespaceSchemaLocation="https://maven.apache.org/surefire/maven-surefire-plugin/xsd/surefire-test-report-3.0.xsd" version="3.0" name="TestRunner.TestRunner" time="106.343" tests="14" errors="0" skipped="0" failures="0">
  <properties>
[...]
</properties>
  <testcase name="Given user is on login page" classname="Scenario: SDET Login Test" time="0.001">
    <system-out><![CDATA[Feature: I want to test the Login functionality
]]></system-out>
    <system-err><![CDATA[Starting ChromeDriver 88.0.4324.96 (68dba2d8a0b149a1d3afac56fa74648032bcf46b-refs/branch-heads/4324@{#1784}) on port 21045
Only local connections are allowed.
Please see https://chromedriver.chromium.org/security-considerations for suggestions on keeping ChromeDriver safe.
ChromeDriver was started successfully.
Mar 09, 2021 10:03:16 AM org.openqa.selenium.remote.ProtocolHandshake createSession
INFO: Detected dialect: W3C
]]></system-err>
  </testcase>
  <testcase name="When user login with email &quot;kiran@gmail.com&quot; and password &quot;helo&quot;" classname="Scenario: SDET Login Test" time="0">
    <system-out><![CDATA[UserName is: kiran@gmail.com and Password is helo
]]></system-out>
  </testcase>
  <testcase name="Then validate the outcomes" classname="Scenario: SDET Login Test" time="0">
    <system-out><![CDATA[validated the outcome
]]></system-out>
  </testcase>
  <testcase name="" classname="Scenario: SDET Login Test" time="0"/>
  <testcase name="Given user is on login page" classname="| pk970750@gmail.com | Pavan@1996 |" time="0">
    <system-out><![CDATA[
  @Mobtest1
  Scenario: SDET Login Test                                          # src/test/java/features/loginBDD.feature:6
    Given user is on login page                                      # stepDefinition.user_is_on_login_page()
    When user login with email "kiran@gmail.com" and password "helo" # stepDefinition.user_is_given_the_email_something_and_password_something(String,String)
    Then validate the outcomes                                       # stepDefinition.validate_the_outcomes()

  @Mobtest2
  Scenario Outline: SDET Login Test           # src/test/java/features/loginBDD.feature:13
    Given user is on login page
    When user is given the email <username>
    And user is given the password <password>
    Then validate the outcomes

    Examples: 
]]></system-out>
    <system-err><![CDATA[Starting ChromeDriver 88.0.4324.96 (68dba2d8a0b149a1d3afac56fa74648032bcf46b-refs/branch-heads/4324@{#1784}) on port 36863
Only local connections are allowed.
Please see https://chromedriver.chromium.org/security-considerations for suggestions on keeping ChromeDriver safe.
ChromeDriver was started successfully.
Mar 09, 2021 10:03:55 AM org.openqa.selenium.remote.ProtocolHandshake createSession
INFO: Detected dialect: W3C
]]></system-err>
  </testcase>
  <testcase name="When user is given the email pk970750@gmail.com" classname="| pk970750@gmail.com | Pavan@1996 |" time="0">
    <system-out><![CDATA[UserName is: pk970750@gmail.com
]]></system-out>
  </testcase>
  <testcase name="And user is given the password Pavan@1996" classname="| pk970750@gmail.com | Pavan@1996 |" time="0">
    <system-out><![CDATA[Password is: Pavan@1996
]]></system-out>
  </testcase>
  <testcase name="Then validate the outcomes" classname="| pk970750@gmail.com | Pavan@1996 |" time="0">
    <system-out><![CDATA[validated the outcome
]]></system-out>
  </testcase>
  <testcase name="" classname="| pk970750@gmail.com | Pavan@1996 |" time="0"/>
  <testcase name="Given user is on login page" classname="| pavankumarm@gmail.com | Koushk213 |" time="0">
    <system-out><![CDATA[
  @Mobtest2
  Scenario Outline: SDET Login Test                 # src/test/java/features/loginBDD.feature:22
    Given user is on login page                     # stepDefinition.user_is_on_login_page()
    When user is given the email pk970750@gmail.com # stepDefinition.user_is_given_the_email(String)
    And user is given the password Pavan@1996       # stepDefinition.user_is_given_the_password(String)
    Then validate the outcomes                      # stepDefinition.validate_the_outcomes()
]]></system-out>
    <system-err><![CDATA[Starting ChromeDriver 88.0.4324.96 (68dba2d8a0b149a1d3afac56fa74648032bcf46b-refs/branch-heads/4324@{#1784}) on port 6747
Only local connections are allowed.
Please see https://chromedriver.chromium.org/security-considerations for suggestions on keeping ChromeDriver safe.
ChromeDriver was started successfully.
Mar 09, 2021 10:04:14 AM org.openqa.selenium.remote.ProtocolHandshake createSession
INFO: Detected dialect: W3C
]]></system-err>
  </testcase>
  <testcase name="When user is given the email pavankumarm@gmail.com" classname="| pavankumarm@gmail.com | Koushk213 |" time="0">
    <system-out><![CDATA[UserName is: pavankumarm@gmail.com
]]></system-out>
  </testcase>
  <testcase name="And user is given the password Koushk213" classname="| pavankumarm@gmail.com | Koushk213 |" time="0">
    <system-out><![CDATA[Password is: Koushk213
]]></system-out>
  </testcase>
  <testcase name="Then validate the outcomes" classname="| pavankumarm@gmail.com | Koushk213 |" time="0">
    <system-out><![CDATA[validated the outcome
]]></system-out>
  </testcase>
  <testcase name="" classname="| pavankumarm@gmail.com | Koushk213 |" time="0"/>
</testsuite>